[Thu Mar 20 01:33:02 2025] Logging system initialized
[Thu Mar 20 01:33:02 2025] Application started
[Thu Mar 20 01:33:09 2025] Student list displayed
[Thu Mar 20 01:33:15 2025] Student list displayed
[Thu Mar 20 01:33:18 2025] Theme switched
[Thu Mar 20 01:33:20 2025] Students exported to CSV
[Thu Mar 20 01:33:23 2025] Theme switched
[Thu Mar 20 01:33:26 2025] Students exported to CSV
[Thu Mar 20 01:33:30 2025] Theme switched
[Thu Mar 20 01:33:38 2025] Student list displayed
[Thu Mar 20 01:33:39 2025] Theme switched
[Thu Mar 20 01:33:41 2025] Students exported to CSV
[Thu Mar 20 01:33:44 2025] Theme switched
[Thu Mar 20 01:33:45 2025] Student list displayed
[Thu Mar 20 01:34:02 2025] Added student: 123
[Thu Mar 20 01:34:06 2025] Students exported to CSV
[Thu Mar 20 01:58:21 2025] Logging system initialized
[Thu Mar 20 01:58:21 2025] Application started
[Thu Mar 20 01:58:37 2025] Added student: 430
[Thu Mar 20 01:58:41 2025] Student list displayed
[Thu Mar 20 01:58:45 2025] Students exported to CSV
[Thu Mar 20 02:25:41 2025] Logging system initialized
[Thu Mar 20 02:25:41 2025] Application started
[Thu Mar 20 02:26:08 2025] Theme switched
[Thu Mar 20 02:26:10 2025] Theme switched
[Thu Mar 20 02:26:11 2025] Theme switched
[Thu Mar 20 02:26:13 2025] Theme switched
[Thu Mar 20 02:26:15 2025] Theme switched
[Thu Mar 20 02:26:16 2025] Theme switched
[Thu Mar 20 02:26:18 2025] Theme switched
[Thu Mar 20 02:26:22 2025] Theme switched
[Thu Mar 20 02:26:23 2025] Theme switched
[Thu Mar 20 02:26:24 2025] Theme switched
[Thu Mar 20 02:26:25 2025] Theme switched
[Thu Mar 20 02:26:26 2025] Theme switched
[Thu Mar 20 02:26:27 2025] Theme switched
[Thu Mar 20 02:26:49 2025] Logging system initialized
[Thu Mar 20 02:26:49 2025] Application started
[Thu Mar 20 02:26:52 2025] About dialog opened
[Thu Mar 20 02:27:04 2025] Logging system initialized
[Thu Mar 20 02:27:04 2025] Application started
[Thu Mar 20 02:27:06 2025] About dialog opened
[Thu Mar 20 02:27:18 2025] Logging system initialized
[Thu Mar 20 02:27:18 2025] Application started
[Thu Mar 20 02:27:20 2025] About dialog opened
[Thu Mar 20 02:29:03 2025] Logging system initialized
[Thu Mar 20 02:29:03 2025] Application started
[Thu Mar 20 02:29:08 2025] Student list displayed
[Thu Mar 20 02:29:26 2025] Logging system initialized
[Thu Mar 20 02:29:26 2025] Application started
[Thu Mar 20 02:29:38 2025] Logging system initialized
[Thu Mar 20 02:29:38 2025] Application started
[Thu Mar 20 02:36:53 2025] Logging system initialized
[Thu Mar 20 02:36:53 2025] Application started
[Thu Mar 20 02:36:58 2025] Student list displayed
[Thu Mar 20 02:37:05 2025] Theme switched
[Thu Mar 20 02:37:09 2025] Student list displayed
[Thu Mar 20 02:37:10 2025] Theme switched
[Thu Mar 20 02:37:14 2025] Theme switched
[Thu Mar 20 02:37:21 2025] Student list displayed
[Thu Mar 20 02:37:37 2025] Deleted student: 430
[Thu Mar 20 02:37:41 2025] Student list displayed
[Thu Mar 20 02:37:44 2025] Students exported to CSV
[Thu Mar 20 02:38:08 2025] Deleted student: 430
[Thu Mar 20 02:38:12 2025] Student list displayed
[Thu Mar 20 02:38:15 2025] Students exported to CSV
[Thu Mar 20 02:38:17 2025] Students exported to CSV
[Thu Mar 20 02:38:39 2025] Logging system initialized
[Thu Mar 20 02:38:39 2025] Application started
[Thu Mar 20 02:38:41 2025] Student list displayed
[Thu Mar 20 02:38:43 2025] Theme switched
[Thu Mar 20 02:38:47 2025] Students exported to CSV
[Thu Mar 20 02:38:54 2025] Theme switched
[Thu Mar 20 02:38:55 2025] Theme switched
[Thu Mar 20 02:38:56 2025] Theme switched
[Thu Mar 20 02:38:58 2025] Theme switched
[Thu Mar 20 02:42:10 2025] Logging system initialized
[Thu Mar 20 02:42:10 2025] Application started
[Thu Mar 20 02:42:13 2025] Student list displayed
[Thu Mar 20 02:42:16 2025] Students exported to CSV
[Thu Mar 20 02:42:22 2025] Theme switched
[Thu Mar 20 02:42:25 2025] Students exported to CSV
[Thu Mar 20 02:42:26 2025] Theme switched
[Thu Mar 20 02:42:28 2025] Students exported to CSV
[Thu Mar 20 02:42:30 2025] Student list displayed
[Thu Mar 20 02:42:33 2025] Theme switched
[Thu Mar 20 02:42:34 2025] Theme switched
[Thu Mar 20 02:43:51 2025] Logging system initialized
[Thu Mar 20 02:43:51 2025] Application started
[Thu Mar 20 02:43:54 2025] Theme switched
[Thu Mar 20 02:44:01 2025] Student list displayed
[Thu Mar 20 02:44:09 2025] Logging system initialized
[Thu Mar 20 02:44:09 2025] Application started
[Thu Mar 20 02:44:11 2025] Theme switched
[Thu Mar 20 02:44:29 2025] Logging system initialized
[Thu Mar 20 02:44:29 2025] Application started
[Thu Mar 20 02:44:40 2025] Logging system initialized
[Thu Mar 20 02:44:40 2025] Application started
[Thu Mar 20 02:45:19 2025] Logging system initialized
[Thu Mar 20 02:45:19 2025] Application started
[Thu Mar 20 02:45:33 2025] Logging system initialized
[Thu Mar 20 02:45:33 2025] Application started
[Thu Mar 20 02:46:27 2025] Logging system initialized
[Thu Mar 20 02:46:27 2025] Application started
[Thu Mar 20 02:46:29 2025] Students exported to CSV
[Thu Mar 20 02:46:30 2025] Students exported to CSV
[Thu Mar 20 02:46:32 2025] Theme switched
[Thu Mar 20 02:46:33 2025] Theme switched
[Thu Mar 20 02:46:33 2025] Theme switched
[Thu Mar 20 02:46:55 2025] Logging system initialized
[Thu Mar 20 02:46:55 2025] Application started
[Thu Mar 20 02:47:03 2025] Theme switched
[Thu Mar 20 02:47:27 2025] Logging system initialized
[Thu Mar 20 02:47:27 2025] Application started
[Thu Mar 20 02:50:16 2025] Logging system initialized
[Thu Mar 20 02:50:17 2025] Application started
[Thu Mar 20 02:51:02 2025] Logging system initialized
[Thu Mar 20 02:51:02 2025] Application started
[Thu Mar 20 02:51:10 2025] Students exported to CSV
[Thu Mar 20 02:51:12 2025] Theme switched
[Thu Mar 20 02:51:27 2025] Logging system initialized
[Thu Mar 20 02:51:27 2025] Application started
[Thu Mar 20 02:51:37 2025] Logging system initialized
[Thu Mar 20 02:51:37 2025] Application started
[Thu Mar 20 02:51:51 2025] Logging system initialized
[Thu Mar 20 02:51:51 2025] Application started
[Thu Mar 20 02:51:57 2025] Logging system initialized
[Thu Mar 20 02:51:57 2025] Application started
[Thu Mar 20 02:52:02 2025] Students exported to CSV
[Thu Mar 20 02:52:05 2025] Theme switched
[Thu Mar 20 02:52:10 2025] Students exported to CSV
[Thu Mar 20 02:52:16 2025] Theme switched
[Thu Mar 20 02:52:18 2025] Students exported to CSV
[Thu Mar 20 02:52:57 2025] Logging system initialized
[Thu Mar 20 02:52:57 2025] Application started
[Thu Mar 20 02:52:59 2025] Students exported to CSV
[Thu Mar 20 02:53:01 2025] Theme switched
[Thu Mar 20 02:53:03 2025] Student list displayed
[Thu Mar 20 02:53:37 2025] Logging system initialized
[Thu Mar 20 02:53:37 2025] Application started
[Thu Mar 20 02:53:47 2025] Logging system initialized
[Thu Mar 20 02:53:47 2025] Application started
[Thu Mar 20 02:54:01 2025] Logging system initialized
[Thu Mar 20 02:54:01 2025] Application started
[Thu Mar 20 02:56:08 2025] Logging system initialized
[Thu Mar 20 02:56:08 2025] Application started
[Thu Mar 20 02:56:24 2025] Logging system initialized
[Thu Mar 20 02:56:24 2025] Application started
[Thu Mar 20 02:56:30 2025] Student list displayed
[Thu Mar 20 02:56:33 2025] Theme switched
[Thu Mar 20 02:56:38 2025] Student list displayed
[Thu Mar 20 02:56:39 2025] Theme switched
[Thu Mar 20 02:56:41 2025] Students exported to CSV
[Thu Mar 20 02:56:42 2025] Theme switched
[Thu Mar 20 02:57:04 2025] Logging system initialized
[Thu Mar 20 02:57:04 2025] Application started
[Thu Mar 20 02:57:12 2025] Logging system initialized
[Thu Mar 20 02:57:12 2025] Application started
[Thu Mar 20 02:59:11 2025] Logging system initialized
[Thu Mar 20 02:59:11 2025] Application started
[Thu Mar 20 02:59:32 2025] Logging system initialized
[Thu Mar 20 02:59:32 2025] Application started
[Thu Mar 20 02:59:47 2025] Logging system initialized
[Thu Mar 20 02:59:47 2025] Application started
[Thu Mar 20 03:00:01 2025] Logging system initialized
[Thu Mar 20 03:00:01 2025] Application started
[Thu Mar 20 03:00:04 2025] Student list displayed
[Thu Mar 20 11:37:15 2025] Logging system initialized
[Thu Mar 20 11:37:15 2025] Application started
[Thu Mar 20 11:37:19 2025] Student list displayed
[Thu Mar 20 11:37:21 2025] Students exported to CSV
[Thu Mar 20 11:37:33 2025] Logging system initialized
[Thu Mar 20 11:37:33 2025] Application started
[Thu Mar 20 11:37:54 2025] Added student: 430
[Thu Mar 20 11:37:57 2025] Students exported to CSV
[Thu Mar 20 11:38:18 2025] Updated student: 430
[Thu Mar 20 11:38:34 2025] Logging system initialized
[Thu Mar 20 11:38:34 2025] Application started
[Thu Mar 20 11:38:54 2025] Updated student: 430
[Thu Mar 20 11:39:00 2025] Student list displayed
[Thu Mar 20 11:39:14 2025] Updated student: 430
[Thu Mar 20 11:39:17 2025] Student list displayed
[Thu Mar 20 11:39:19 2025] Students exported to CSV
[Thu Mar 20 11:39:22 2025] Students exported to CSV
[Thu Mar 20 11:39:34 2025] Logging system initialized
[Thu Mar 20 11:39:34 2025] Application started
[Thu Mar 20 11:39:41 2025] Deleted student: 430
[Thu Mar 20 11:39:44 2025] Student list displayed
[Thu Mar 20 11:39:47 2025] Students exported to CSV
[Thu Mar 20 11:41:57 2025] Logging system initialized
[Thu Mar 20 11:41:57 2025] Application started
[Thu Mar 20 14:11:48 2025] Logging system initialized
[Thu Mar 20 14:11:48 2025] Application started
[Thu Mar 20 14:38:04 2025] Logging system initialized
[Thu Mar 20 14:38:04 2025] Application started
[Thu Mar 20 14:38:14 2025] Student list displayed
[Thu Mar 20 14:38:41 2025] Theme switched
[Thu Mar 20 14:43:10 2025] Logging system initialized
[Thu Mar 20 14:43:10 2025] Application started
[Thu Mar 20 14:43:42 2025] Logging system initialized
[Thu Mar 20 14:43:42 2025] Application started
[Thu Mar 20 14:43:44 2025] Student list displayed
[Thu Mar 20 14:45:57 2025] Logging system initialized
[Thu Mar 20 14:45:57 2025] Application started
[Thu Mar 20 14:45:59 2025] Student list displayed
[Thu Mar 20 14:52:54 2025] Logging system initialized
[Thu Mar 20 14:52:54 2025] Application started
[Thu Mar 20 15:04:50 2025] Logging system initialized
[Thu Mar 20 15:04:50 2025] Application started
[Thu Mar 20 15:04:53 2025] Student list displayed
[Thu Mar 20 15:04:56 2025] Student list displayed
[Thu Mar 20 15:04:58 2025] Theme switched
[Thu Mar 20 15:04:59 2025] Students exported to CSV
[Thu Mar 20 15:05:02 2025] Student list displayed
[Thu Mar 20 15:09:27 2025] Logging system initialized
[Thu Mar 20 15:09:27 2025] Application started
[Thu Mar 20 15:09:29 2025] Student list displayed
[Thu Mar 20 15:09:39 2025] Student list displayed
[Thu Mar 20 15:09:46 2025] Theme switched
[Thu Mar 20 15:09:47 2025] Students exported to CSV
[Thu Mar 20 15:10:24 2025] Logging system initialized
[Thu Mar 20 15:10:24 2025] Application started
[Thu Mar 20 15:10:26 2025] Student list displayed
[Thu Mar 20 15:13:08 2025] Logging system initialized
[Thu Mar 20 15:13:08 2025] Application started
[Thu Mar 20 15:13:09 2025] Student list displayed
[Thu Mar 20 15:26:59 2025] Logging system initialized
[Thu Mar 20 15:26:59 2025] Application started
[Thu Mar 20 15:27:01 2025] Theme switched
[Thu Mar 20 15:27:03 2025] Student list displayed
[Thu Mar 20 15:27:05 2025] Students exported to CSV
[Thu Mar 20 15:30:14 2025] Logging system initialized
[Thu Mar 20 15:30:14 2025] Application started
[Thu Mar 20 15:30:15 2025] Student list displayed
[Thu Mar 20 15:30:20 2025] Student list displayed
[Thu Mar 20 15:30:23 2025] Student list displayed
[Thu Mar 20 15:30:24 2025] Student list displayed
[Thu Mar 20 15:30:26 2025] Theme switched
[Thu Mar 20 15:30:28 2025] Students exported to CSV
[Thu Mar 20 15:30:29 2025] Student list displayed
[Thu Mar 20 15:32:09 2025] Logging system initialized
[Thu Mar 20 15:32:09 2025] Application started
[Thu Mar 20 15:32:11 2025] Student list displayed
[Thu Mar 20 15:32:50 2025] Logging system initialized
[Thu Mar 20 15:32:50 2025] Application started
[Thu Mar 20 15:32:55 2025] Student list displayed
[Thu Mar 20 15:33:05 2025] Logging system initialized
[Thu Mar 20 15:33:05 2025] Application started
[Thu Mar 20 15:33:07 2025] Student list displayed
[Thu Mar 20 15:33:09 2025] Theme switched
[Thu Mar 20 15:33:10 2025] Students exported to CSV
[Thu Mar 20 15:34:47 2025] Logging system initialized
[Thu Mar 20 15:34:47 2025] Application started
[Thu Mar 20 15:34:48 2025] Student list displayed
[Thu Mar 20 15:37:13 2025] Logging system initialized
[Thu Mar 20 15:37:13 2025] Application started
[Thu Mar 20 15:37:16 2025] Student list displayed
[Thu Mar 20 15:37:21 2025] Theme switched
[Thu Mar 20 15:37:23 2025] Students exported to CSV
[Thu Mar 20 15:42:45 2025] Logging system initialized
[Thu Mar 20 15:42:45 2025] Application started
[Thu Mar 20 15:49:23 2025] Logging system initialized
[Thu Mar 20 15:49:23 2025] Application started
[Thu Mar 20 15:49:31 2025] Logging system initialized
[Thu Mar 20 15:49:31 2025] Application started
[Thu Mar 20 16:10:36 2025] Logging system initialized
[Thu Mar 20 16:10:36 2025] Application started
[Thu Mar 20 16:10:38 2025] All student records deleted
[Thu Mar 20 16:10:42 2025] Student list displayed
[Thu Mar 20 16:10:44 2025] Students exported to CSV
[Thu Mar 20 16:10:45 2025] Students exported to CSV
[Thu Mar 20 16:11:35 2025] Logging system initialized
[Thu Mar 20 16:11:35 2025] Application started
[Thu Mar 20 16:11:38 2025] Student list displayed
[Thu Mar 20 16:11:42 2025] All student records deleted
[Thu Mar 20 16:11:59 2025] Added student: 430
[Thu Mar 20 16:12:02 2025] Student list displayed
[Thu Mar 20 16:12:07 2025] Logging system initialized
[Thu Mar 20 16:12:07 2025] Application started
[Thu Mar 20 16:12:08 2025] Student list displayed
[Thu Mar 20 16:12:13 2025] Students exported to CSV
[Thu Mar 20 16:12:15 2025] Students exported to CSV
[Thu Mar 20 16:13:52 2025] Logging system initialized
[Thu Mar 20 16:13:52 2025] Application started
[Thu Mar 20 16:13:56 2025] Theme switched
[Thu Mar 20 16:13:58 2025] Theme switched
[Thu Mar 20 16:14:10 2025] Theme switched
[Thu Mar 20 16:15:44 2025] Logging system initialized
[Thu Mar 20 16:15:44 2025] Application started
[Thu Mar 20 16:15:47 2025] Student list displayed
[Thu Mar 20 16:16:03 2025] Added student: 123
[Thu Mar 20 16:16:07 2025] Student list displayed
[Thu Mar 20 16:16:13 2025] Logging system initialized
[Thu Mar 20 16:16:13 2025] Application started
[Thu Mar 20 16:16:15 2025] Student list displayed
[Thu Mar 20 18:32:09 2025] Logging system initialized
[Thu Mar 20 18:32:09 2025] Application started
[Thu Mar 20 18:32:14 2025] Student list displayed
[Thu Mar 20 18:32:17 2025] Theme switched
[Thu Mar 20 18:32:18 2025] Theme switched
[Thu Mar 20 18:32:20 2025] Students exported to CSV
[Thu Mar 20 18:32:23 2025] All student records deleted
[Thu Mar 20 18:32:55 2025] All student records deleted
[Thu Mar 20 18:33:01 2025] Student list displayed
[Thu Mar 20 18:33:07 2025] Logging system initialized
[Thu Mar 20 18:33:07 2025] Application started
[Thu Mar 20 18:33:09 2025] Student list displayed
[Thu Mar 20 18:33:45 2025] Logging system initialized
[Thu Mar 20 18:33:45 2025] Application started
[Thu Mar 20 18:54:12 2025] Logging system initialized
[Thu Mar 20 18:54:12 2025] Application started
[Thu Mar 20 18:54:16 2025] All student records deleted
[Thu Mar 20 18:54:23 2025] Theme switched
[Thu Mar 20 18:55:02 2025] Student list displayed
[Thu Mar 20 18:55:04 2025] Theme switched
[Thu Mar 20 18:55:06 2025] Students exported to CSV
[Thu Mar 20 18:55:07 2025] Theme switched
[Thu Mar 20 18:57:26 2025] Logging system initialized
[Thu Mar 20 18:57:26 2025] Application started
[Thu Mar 20 18:57:30 2025] All student records deleted
[Thu Mar 20 18:58:37 2025] Logging system initialized
[Thu Mar 20 18:58:37 2025] Application started
[Thu Mar 20 18:59:03 2025] Logging system initialized
[Thu Mar 20 18:59:03 2025] Application started
[Thu Mar 20 18:59:32 2025] Logging system initialized
[Thu Mar 20 18:59:32 2025] Application started
[Thu Mar 20 19:04:15 2025] Logging system initialized
[Thu Mar 20 19:04:15 2025] Application started
[Thu Mar 20 19:04:17 2025] Theme switched
[Thu Mar 20 19:04:18 2025] Theme switched
[Thu Mar 20 19:04:20 2025] Theme switched
[Thu Mar 20 19:04:21 2025] Theme switched
[Thu Mar 20 19:04:22 2025] Theme switched
[Thu Mar 20 19:04:23 2025] Theme switched
[Thu Mar 20 19:04:24 2025] Theme switched
[Thu Mar 20 19:04:25 2025] Theme switched
[Thu Mar 20 19:04:59 2025] Theme switched
[Thu Mar 20 19:05:00 2025] Theme switched
[Thu Mar 20 19:05:01 2025] Theme switched
[Thu Mar 20 19:05:02 2025] Theme switched
[Thu Mar 20 19:05:02 2025] Theme switched
[Thu Mar 20 19:05:04 2025] Theme switched
[Thu Mar 20 19:05:05 2025] Theme switched
[Thu Mar 20 19:05:06 2025] Theme switched
[Thu Mar 20 19:05:07 2025] Theme switched
[Thu Mar 20 19:05:08 2025] Theme switched
[Thu Mar 20 19:05:09 2025] Theme switched
[Thu Mar 20 19:05:11 2025] Theme switched
[Thu Mar 20 19:05:12 2025] Theme switched
[Thu Mar 20 19:05:13 2025] Theme switched
[Thu Mar 20 19:05:14 2025] Theme switched
[Thu Mar 20 19:05:16 2025] Theme switched
[Thu Mar 20 19:05:17 2025] Theme switched
[Thu Mar 20 19:05:18 2025] Theme switched
[Thu Mar 20 19:05:18 2025] Theme switched
[Thu Mar 20 19:05:19 2025] Theme switched
[Thu Mar 20 19:05:20 2025] Theme switched
