[Thu Mar 20 01:33:02 2025] Logging system initialized
[Thu Mar 20 01:33:02 2025] Application started
[Thu Mar 20 01:33:09 2025] Student list displayed
[Thu Mar 20 01:33:15 2025] Student list displayed
[Thu Mar 20 01:33:18 2025] Theme switched
[Thu Mar 20 01:33:20 2025] Students exported to CSV
[Thu Mar 20 01:33:23 2025] Theme switched
[Thu Mar 20 01:33:26 2025] Students exported to CSV
[Thu Mar 20 01:33:30 2025] Theme switched
[Thu Mar 20 01:33:38 2025] Student list displayed
[Thu Mar 20 01:33:39 2025] Theme switched
[Thu Mar 20 01:33:41 2025] Students exported to CSV
[Thu Mar 20 01:33:44 2025] Theme switched
[Thu Mar 20 01:33:45 2025] Student list displayed
[Thu Mar 20 01:34:02 2025] Added student: 123
[Thu Mar 20 01:34:06 2025] Students exported to CSV
[Thu Mar 20 01:58:21 2025] Logging system initialized
[Thu Mar 20 01:58:21 2025] Application started
[Thu Mar 20 01:58:37 2025] Added student: 430
[Thu Mar 20 01:58:41 2025] Student list displayed
[Thu Mar 20 01:58:45 2025] Students exported to CSV
[Thu Mar 20 02:25:41 2025] Logging system initialized
[Thu Mar 20 02:25:41 2025] Application started
[Thu Mar 20 02:26:08 2025] Theme switched
[Thu Mar 20 02:26:10 2025] Theme switched
[Thu Mar 20 02:26:11 2025] Theme switched
[Thu Mar 20 02:26:13 2025] Theme switched
[Thu Mar 20 02:26:15 2025] Theme switched
[Thu Mar 20 02:26:16 2025] Theme switched
[Thu Mar 20 02:26:18 2025] Theme switched
[Thu Mar 20 02:26:22 2025] Theme switched
[Thu Mar 20 02:26:23 2025] Theme switched
[Thu Mar 20 02:26:24 2025] Theme switched
[Thu Mar 20 02:26:25 2025] Theme switched
[Thu Mar 20 02:26:26 2025] Theme switched
[Thu Mar 20 02:26:27 2025] Theme switched
[Thu Mar 20 02:26:49 2025] Logging system initialized
[Thu Mar 20 02:26:49 2025] Application started
[Thu Mar 20 02:26:52 2025] About dialog opened
[Thu Mar 20 02:27:04 2025] Logging system initialized
[Thu Mar 20 02:27:04 2025] Application started
[Thu Mar 20 02:27:06 2025] About dialog opened
[Thu Mar 20 02:27:18 2025] Logging system initialized
[Thu Mar 20 02:27:18 2025] Application started
[Thu Mar 20 02:27:20 2025] About dialog opened
[Thu Mar 20 02:29:03 2025] Logging system initialized
[Thu Mar 20 02:29:03 2025] Application started
[Thu Mar 20 02:29:08 2025] Student list displayed
[Thu Mar 20 02:29:26 2025] Logging system initialized
[Thu Mar 20 02:29:26 2025] Application started
[Thu Mar 20 02:29:38 2025] Logging system initialized
[Thu Mar 20 02:29:38 2025] Application started
[Thu Mar 20 02:36:53 2025] Logging system initialized
[Thu Mar 20 02:36:53 2025] Application started
[Thu Mar 20 02:36:58 2025] Student list displayed
[Thu Mar 20 02:37:05 2025] Theme switched
[Thu Mar 20 02:37:09 2025] Student list displayed
[Thu Mar 20 02:37:10 2025] Theme switched
[Thu Mar 20 02:37:14 2025] Theme switched
[Thu Mar 20 02:37:21 2025] Student list displayed
[Thu Mar 20 02:37:37 2025] Deleted student: 430
[Thu Mar 20 02:37:41 2025] Student list displayed
[Thu Mar 20 02:37:44 2025] Students exported to CSV
[Thu Mar 20 02:38:08 2025] Deleted student: 430
[Thu Mar 20 02:38:12 2025] Student list displayed
[Thu Mar 20 02:38:15 2025] Students exported to CSV
[Thu Mar 20 02:38:17 2025] Students exported to CSV
[Thu Mar 20 02:38:39 2025] Logging system initialized
[Thu Mar 20 02:38:39 2025] Application started
[Thu Mar 20 02:38:41 2025] Student list displayed
[Thu Mar 20 02:38:43 2025] Theme switched
[Thu Mar 20 02:38:47 2025] Students exported to CSV
[Thu Mar 20 02:38:54 2025] Theme switched
[Thu Mar 20 02:38:55 2025] Theme switched
[Thu Mar 20 02:38:56 2025] Theme switched
[Thu Mar 20 02:38:58 2025] Theme switched
[Thu Mar 20 02:42:10 2025] Logging system initialized
[Thu Mar 20 02:42:10 2025] Application started
[Thu Mar 20 02:42:13 2025] Student list displayed
[Thu Mar 20 02:42:16 2025] Students exported to CSV
[Thu Mar 20 02:42:22 2025] Theme switched
[Thu Mar 20 02:42:25 2025] Students exported to CSV
[Thu Mar 20 02:42:26 2025] Theme switched
[Thu Mar 20 02:42:28 2025] Students exported to CSV
[Thu Mar 20 02:42:30 2025] Student list displayed
[Thu Mar 20 02:42:33 2025] Theme switched
[Thu Mar 20 02:42:34 2025] Theme switched
[Thu Mar 20 02:43:51 2025] Logging system initialized
[Thu Mar 20 02:43:51 2025] Application started
[Thu Mar 20 02:43:54 2025] Theme switched
[Thu Mar 20 02:44:01 2025] Student list displayed
[Thu Mar 20 02:44:09 2025] Logging system initialized
[Thu Mar 20 02:44:09 2025] Application started
[Thu Mar 20 02:44:11 2025] Theme switched
[Thu Mar 20 02:44:29 2025] Logging system initialized
[Thu Mar 20 02:44:29 2025] Application started
[Thu Mar 20 02:44:40 2025] Logging system initialized
[Thu Mar 20 02:44:40 2025] Application started
[Thu Mar 20 02:45:19 2025] Logging system initialized
[Thu Mar 20 02:45:19 2025] Application started
[Thu Mar 20 02:45:33 2025] Logging system initialized
[Thu Mar 20 02:45:33 2025] Application started
[Thu Mar 20 02:46:27 2025] Logging system initialized
[Thu Mar 20 02:46:27 2025] Application started
[Thu Mar 20 02:46:29 2025] Students exported to CSV
[Thu Mar 20 02:46:30 2025] Students exported to CSV
[Thu Mar 20 02:46:32 2025] Theme switched
[Thu Mar 20 02:46:33 2025] Theme switched
[Thu Mar 20 02:46:33 2025] Theme switched
[Thu Mar 20 02:46:55 2025] Logging system initialized
[Thu Mar 20 02:46:55 2025] Application started
[Thu Mar 20 02:47:03 2025] Theme switched
[Thu Mar 20 02:47:27 2025] Logging system initialized
[Thu Mar 20 02:47:27 2025] Application started
[Thu Mar 20 02:50:16 2025] Logging system initialized
[Thu Mar 20 02:50:17 2025] Application started
[Thu Mar 20 02:51:02 2025] Logging system initialized
[Thu Mar 20 02:51:02 2025] Application started
[Thu Mar 20 02:51:10 2025] Students exported to CSV
[Thu Mar 20 02:51:12 2025] Theme switched
[Thu Mar 20 02:51:27 2025] Logging system initialized
[Thu Mar 20 02:51:27 2025] Application started
[Thu Mar 20 02:51:37 2025] Logging system initialized
[Thu Mar 20 02:51:37 2025] Application started
[Thu Mar 20 02:51:51 2025] Logging system initialized
[Thu Mar 20 02:51:51 2025] Application started
[Thu Mar 20 02:51:57 2025] Logging system initialized
[Thu Mar 20 02:51:57 2025] Application started
[Thu Mar 20 02:52:02 2025] Students exported to CSV
[Thu Mar 20 02:52:05 2025] Theme switched
[Thu Mar 20 02:52:10 2025] Students exported to CSV
[Thu Mar 20 02:52:16 2025] Theme switched
[Thu Mar 20 02:52:18 2025] Students exported to CSV
[Thu Mar 20 02:52:57 2025] Logging system initialized
[Thu Mar 20 02:52:57 2025] Application started
[Thu Mar 20 02:52:59 2025] Students exported to CSV
[Thu Mar 20 02:53:01 2025] Theme switched
[Thu Mar 20 02:53:03 2025] Student list displayed
[Thu Mar 20 02:53:37 2025] Logging system initialized
[Thu Mar 20 02:53:37 2025] Application started
[Thu Mar 20 02:53:47 2025] Logging system initialized
[Thu Mar 20 02:53:47 2025] Application started
[Thu Mar 20 02:54:01 2025] Logging system initialized
[Thu Mar 20 02:54:01 2025] Application started
[Thu Mar 20 02:56:08 2025] Logging system initialized
[Thu Mar 20 02:56:08 2025] Application started
[Thu Mar 20 02:56:24 2025] Logging system initialized
[Thu Mar 20 02:56:24 2025] Application started
[Thu Mar 20 02:56:30 2025] Student list displayed
[Thu Mar 20 02:56:33 2025] Theme switched
[Thu Mar 20 02:56:38 2025] Student list displayed
[Thu Mar 20 02:56:39 2025] Theme switched
[Thu Mar 20 02:56:41 2025] Students exported to CSV
[Thu Mar 20 02:56:42 2025] Theme switched
[Thu Mar 20 02:57:04 2025] Logging system initialized
[Thu Mar 20 02:57:04 2025] Application started
[Thu Mar 20 02:57:12 2025] Logging system initialized
[Thu Mar 20 02:57:12 2025] Application started
[Thu Mar 20 02:59:11 2025] Logging system initialized
[Thu Mar 20 02:59:11 2025] Application started
[Thu Mar 20 02:59:32 2025] Logging system initialized
[Thu Mar 20 02:59:32 2025] Application started
[Thu Mar 20 02:59:47 2025] Logging system initialized
[Thu Mar 20 02:59:47 2025] Application started
[Thu Mar 20 03:00:01 2025] Logging system initialized
[Thu Mar 20 03:00:01 2025] Application started
[Thu Mar 20 03:00:04 2025] Student list displayed
[Thu Mar 20 11:37:15 2025] Logging system initialized
[Thu Mar 20 11:37:15 2025] Application started
[Thu Mar 20 11:37:19 2025] Student list displayed
[Thu Mar 20 11:37:21 2025] Students exported to CSV
[Thu Mar 20 11:37:33 2025] Logging system initialized
[Thu Mar 20 11:37:33 2025] Application started
[Thu Mar 20 11:37:54 2025] Added student: 430
[Thu Mar 20 11:37:57 2025] Students exported to CSV
[Thu Mar 20 11:38:18 2025] Updated student: 430
[Thu Mar 20 11:38:34 2025] Logging system initialized
[Thu Mar 20 11:38:34 2025] Application started
[Thu Mar 20 11:38:54 2025] Updated student: 430
[Thu Mar 20 11:39:00 2025] Student list displayed
[Thu Mar 20 11:39:14 2025] Updated student: 430
[Thu Mar 20 11:39:17 2025] Student list displayed
[Thu Mar 20 11:39:19 2025] Students exported to CSV
[Thu Mar 20 11:39:22 2025] Students exported to CSV
[Thu Mar 20 11:39:34 2025] Logging system initialized
[Thu Mar 20 11:39:34 2025] Application started
[Thu Mar 20 11:39:41 2025] Deleted student: 430
[Thu Mar 20 11:39:44 2025] Student list displayed
[Thu Mar 20 11:39:47 2025] Students exported to CSV
[Thu Mar 20 11:41:57 2025] Logging system initialized
[Thu Mar 20 11:41:57 2025] Application started
[Thu Mar 20 14:11:48 2025] Logging system initialized
[Thu Mar 20 14:11:48 2025] Application started
[Thu Mar 20 14:38:04 2025] Logging system initialized
[Thu Mar 20 14:38:04 2025] Application started
[Thu Mar 20 14:38:14 2025] Student list displayed
[Thu Mar 20 14:38:41 2025] Theme switched
[Thu Mar 20 14:43:10 2025] Logging system initialized
[Thu Mar 20 14:43:10 2025] Application started
[Thu Mar 20 14:43:42 2025] Logging system initialized
[Thu Mar 20 14:43:42 2025] Application started
[Thu Mar 20 14:43:44 2025] Student list displayed
[Thu Mar 20 14:45:57 2025] Logging system initialized
[Thu Mar 20 14:45:57 2025] Application started
[Thu Mar 20 14:45:59 2025] Student list displayed
[Thu Mar 20 14:52:54 2025] Logging system initialized
[Thu Mar 20 14:52:54 2025] Application started
[Thu Mar 20 15:04:50 2025] Logging system initialized
[Thu Mar 20 15:04:50 2025] Application started
[Thu Mar 20 15:04:53 2025] Student list displayed
[Thu Mar 20 15:04:56 2025] Student list displayed
[Thu Mar 20 15:04:58 2025] Theme switched
[Thu Mar 20 15:04:59 2025] Students exported to CSV
[Thu Mar 20 15:05:02 2025] Student list displayed
[Thu Mar 20 15:09:27 2025] Logging system initialized
[Thu Mar 20 15:09:27 2025] Application started
[Thu Mar 20 15:09:29 2025] Student list displayed
[Thu Mar 20 15:09:39 2025] Student list displayed
[Thu Mar 20 15:09:46 2025] Theme switched
[Thu Mar 20 15:09:47 2025] Students exported to CSV
[Thu Mar 20 15:10:24 2025] Logging system initialized
[Thu Mar 20 15:10:24 2025] Application started
[Thu Mar 20 15:10:26 2025] Student list displayed
[Thu Mar 20 15:13:08 2025] Logging system initialized
[Thu Mar 20 15:13:08 2025] Application started
[Thu Mar 20 15:13:09 2025] Student list displayed
[Thu Mar 20 15:26:59 2025] Logging system initialized
[Thu Mar 20 15:26:59 2025] Application started
[Thu Mar 20 15:27:01 2025] Theme switched
[Thu Mar 20 15:27:03 2025] Student list displayed
[Thu Mar 20 15:27:05 2025] Students exported to CSV
[Thu Mar 20 15:30:14 2025] Logging system initialized
[Thu Mar 20 15:30:14 2025] Application started
[Thu Mar 20 15:30:15 2025] Student list displayed
[Thu Mar 20 15:30:20 2025] Student list displayed
[Thu Mar 20 15:30:23 2025] Student list displayed
[Thu Mar 20 15:30:24 2025] Student list displayed
[Thu Mar 20 15:30:26 2025] Theme switched
[Thu Mar 20 15:30:28 2025] Students exported to CSV
[Thu Mar 20 15:30:29 2025] Student list displayed
[Thu Mar 20 15:32:09 2025] Logging system initialized
[Thu Mar 20 15:32:09 2025] Application started
[Thu Mar 20 15:32:11 2025] Student list displayed
[Thu Mar 20 15:32:50 2025] Logging system initialized
[Thu Mar 20 15:32:50 2025] Application started
[Thu Mar 20 15:32:55 2025] Student list displayed
[Thu Mar 20 15:33:05 2025] Logging system initialized
[Thu Mar 20 15:33:05 2025] Application started
[Thu Mar 20 15:33:07 2025] Student list displayed
[Thu Mar 20 15:33:09 2025] Theme switched
[Thu Mar 20 15:33:10 2025] Students exported to CSV
[Thu Mar 20 15:34:47 2025] Logging system initialized
[Thu Mar 20 15:34:47 2025] Application started
[Thu Mar 20 15:34:48 2025] Student list displayed
[Thu Mar 20 15:37:13 2025] Logging system initialized
[Thu Mar 20 15:37:13 2025] Application started
[Thu Mar 20 15:37:16 2025] Student list displayed
[Thu Mar 20 15:37:21 2025] Theme switched
[Thu Mar 20 15:37:23 2025] Students exported to CSV
[Thu Mar 20 15:42:45 2025] Logging system initialized
[Thu Mar 20 15:42:45 2025] Application started
[Thu Mar 20 15:49:23 2025] Logging system initialized
[Thu Mar 20 15:49:23 2025] Application started
[Thu Mar 20 15:49:31 2025] Logging system initialized
[Thu Mar 20 15:49:31 2025] Application started
[Thu Mar 20 16:10:36 2025] Logging system initialized
[Thu Mar 20 16:10:36 2025] Application started
[Thu Mar 20 16:10:38 2025] All student records deleted
[Thu Mar 20 16:10:42 2025] Student list displayed
[Thu Mar 20 16:10:44 2025] Students exported to CSV
[Thu Mar 20 16:10:45 2025] Students exported to CSV
[Thu Mar 20 16:11:35 2025] Logging system initialized
[Thu Mar 20 16:11:35 2025] Application started
[Thu Mar 20 16:11:38 2025] Student list displayed
[Thu Mar 20 16:11:42 2025] All student records deleted
[Thu Mar 20 16:11:59 2025] Added student: 430
[Thu Mar 20 16:12:02 2025] Student list displayed
[Thu Mar 20 16:12:07 2025] Logging system initialized
[Thu Mar 20 16:12:07 2025] Application started
[Thu Mar 20 16:12:08 2025] Student list displayed
[Thu Mar 20 16:12:13 2025] Students exported to CSV
[Thu Mar 20 16:12:15 2025] Students exported to CSV
[Thu Mar 20 16:13:52 2025] Logging system initialized
[Thu Mar 20 16:13:52 2025] Application started
[Thu Mar 20 16:13:56 2025] Theme switched
[Thu Mar 20 16:13:58 2025] Theme switched
[Thu Mar 20 16:14:10 2025] Theme switched
[Thu Mar 20 16:15:44 2025] Logging system initialized
[Thu Mar 20 16:15:44 2025] Application started
[Thu Mar 20 16:15:47 2025] Student list displayed
[Thu Mar 20 16:16:03 2025] Added student: 123
[Thu Mar 20 16:16:07 2025] Student list displayed
[Thu Mar 20 16:16:13 2025] Logging system initialized
[Thu Mar 20 16:16:13 2025] Application started
[Thu Mar 20 16:16:15 2025] Student list displayed
[Thu Mar 20 18:32:09 2025] Logging system initialized
[Thu Mar 20 18:32:09 2025] Application started
[Thu Mar 20 18:32:14 2025] Student list displayed
[Thu Mar 20 18:32:17 2025] Theme switched
[Thu Mar 20 18:32:18 2025] Theme switched
[Thu Mar 20 18:32:20 2025] Students exported to CSV
[Thu Mar 20 18:32:23 2025] All student records deleted
[Thu Mar 20 18:32:55 2025] All student records deleted
[Thu Mar 20 18:33:01 2025] Student list displayed
[Thu Mar 20 18:33:07 2025] Logging system initialized
[Thu Mar 20 18:33:07 2025] Application started
[Thu Mar 20 18:33:09 2025] Student list displayed
[Thu Mar 20 18:33:45 2025] Logging system initialized
[Thu Mar 20 18:33:45 2025] Application started
[Thu Mar 20 18:54:12 2025] Logging system initialized
[Thu Mar 20 18:54:12 2025] Application started
[Thu Mar 20 18:54:16 2025] All student records deleted
[Thu Mar 20 18:54:23 2025] Theme switched
[Thu Mar 20 18:55:02 2025] Student list displayed
[Thu Mar 20 18:55:04 2025] Theme switched
[Thu Mar 20 18:55:06 2025] Students exported to CSV
[Thu Mar 20 18:55:07 2025] Theme switched
[Thu Mar 20 18:57:26 2025] Logging system initialized
[Thu Mar 20 18:57:26 2025] Application started
[Thu Mar 20 18:57:30 2025] All student records deleted
[Thu Mar 20 18:58:37 2025] Logging system initialized
[Thu Mar 20 18:58:37 2025] Application started
[Thu Mar 20 18:59:03 2025] Logging system initialized
[Thu Mar 20 18:59:03 2025] Application started
[Thu Mar 20 18:59:32 2025] Logging system initialized
[Thu Mar 20 18:59:32 2025] Application started
[Thu Mar 20 19:04:15 2025] Logging system initialized
[Thu Mar 20 19:04:15 2025] Application started
[Thu Mar 20 19:04:17 2025] Theme switched
[Thu Mar 20 19:04:18 2025] Theme switched
[Thu Mar 20 19:04:20 2025] Theme switched
[Thu Mar 20 19:04:21 2025] Theme switched
[Thu Mar 20 19:04:22 2025] Theme switched
[Thu Mar 20 19:04:23 2025] Theme switched
[Thu Mar 20 19:04:24 2025] Theme switched
[Thu Mar 20 19:04:25 2025] Theme switched
[Thu Mar 20 19:04:59 2025] Theme switched
[Thu Mar 20 19:05:00 2025] Theme switched
[Thu Mar 20 19:05:01 2025] Theme switched
[Thu Mar 20 19:05:02 2025] Theme switched
[Thu Mar 20 19:05:02 2025] Theme switched
[Thu Mar 20 19:05:04 2025] Theme switched
[Thu Mar 20 19:05:05 2025] Theme switched
[Thu Mar 20 19:05:06 2025] Theme switched
[Thu Mar 20 19:05:07 2025] Theme switched
[Thu Mar 20 19:05:08 2025] Theme switched
[Thu Mar 20 19:05:09 2025] Theme switched
[Thu Mar 20 19:05:11 2025] Theme switched
[Thu Mar 20 19:05:12 2025] Theme switched
[Thu Mar 20 19:05:13 2025] Theme switched
[Thu Mar 20 19:05:14 2025] Theme switched
[Thu Mar 20 19:05:16 2025] Theme switched
[Thu Mar 20 19:05:17 2025] Theme switched
[Thu Mar 20 19:05:18 2025] Theme switched
[Thu Mar 20 19:05:18 2025] Theme switched
[Thu Mar 20 19:05:19 2025] Theme switched
[Thu Mar 20 19:05:20 2025] Theme switched
[Thu Mar 20 21:22:09 2025] Logging system initialized
[Thu Mar 20 21:22:09 2025] Application started
[Thu Mar 20 21:22:11 2025] Student list displayed
[Thu Mar 20 21:22:20 2025] Added student: 430
[Thu Mar 20 21:22:22 2025] Student list displayed
[Thu Mar 20 21:22:55 2025] Logging system initialized
[Thu Mar 20 21:22:55 2025] Application started
[Thu Mar 20 21:22:57 2025] Student list displayed
[Thu Mar 20 21:23:52 2025] Logging system initialized
[Thu Mar 20 21:23:52 2025] Application started
[Thu Mar 20 21:23:55 2025] Student list displayed
[Thu Mar 20 21:23:57 2025] Student list displayed
[Thu Mar 20 21:24:07 2025] Added student: 456
[Thu Mar 20 21:24:10 2025] Student list displayed
[Thu Mar 20 21:34:48 2025] Logging system initialized
[Thu Mar 20 21:34:48 2025] Application started
[Thu Mar 20 21:34:50 2025] Student list displayed
[Thu Mar 20 21:37:09 2025] Logging system initialized
[Thu Mar 20 21:37:09 2025] Application started
[Thu Mar 20 21:37:11 2025] Student list displayed
[Thu Mar 20 21:37:19 2025] Added student: 789
[Thu Mar 20 21:37:22 2025] Student list refreshed
[Thu Mar 20 21:37:31 2025] Deleted student: 430
[Thu Mar 20 21:37:34 2025] Student list refreshed
[Thu Mar 20 21:37:38 2025] All student records deleted
[Thu Mar 20 21:37:43 2025] Student list refreshed
[Thu Mar 20 21:37:44 2025] Student list refreshed
[Thu Mar 20 21:38:46 2025] Added student: 2201020430
[Thu Mar 20 21:38:50 2025] Student list refreshed
[Thu Mar 20 21:39:15 2025] Deleted student: 123
[Thu Mar 20 21:39:21 2025] Updated student: 123
[Thu Mar 20 21:39:28 2025] ð¤o’_
[Thu Mar 20 21:39:32 2025] Student list refreshed
[Thu Mar 20 21:39:33 2025] Student list refreshed
[Thu Mar 20 21:45:15 2025] Logging system initialized
[Thu Mar 20 21:45:15 2025] Application started
[Thu Mar 20 21:45:26 2025] Added student: 123
[Thu Mar 20 21:45:30 2025] Student list displayed
[Thu Mar 20 21:45:33 2025] Theme switched
[Thu Mar 20 21:45:34 2025] Theme switched
[Thu Mar 20 21:45:36 2025] Students exported to CSV
[Thu Mar 20 22:14:55 2025] Logging system initialized
[Thu Mar 20 22:14:55 2025] Application started
[Thu Mar 20 22:15:21 2025] Logging system initialized
[Thu Mar 20 22:15:21 2025] Application started
[Thu Mar 20 22:15:26 2025] Logging system initialized
[Thu Mar 20 22:15:26 2025] Application started
[Thu Mar 20 22:31:02 2025] Logging system initialized
[Thu Mar 20 22:31:02 2025] Application started
[Thu Mar 20 22:31:31 2025] Logging system initialized
[Thu Mar 20 22:31:31 2025] Application started
[Thu Mar 20 22:31:55 2025] Logging system initialized
[Thu Mar 20 22:31:55 2025] Application started
[Thu Mar 20 22:32:38 2025] Logging system initialized
[Thu Mar 20 22:32:38 2025] Application started
[Thu Mar 20 22:32:49 2025] Logging system initialized
[Thu Mar 20 22:32:49 2025] Application started
[Thu Mar 20 22:32:59 2025] All student records deleted
[Thu Mar 20 22:33:05 2025] Student list displayed
[Thu Mar 20 22:33:15 2025] Added student: 430
[Thu Mar 20 22:40:04 2025] Logging system initialized
[Thu Mar 20 22:40:04 2025] Application started
[Thu Mar 20 22:41:18 2025] Logging system initialized
[Thu Mar 20 22:41:18 2025] Application started
[Thu Mar 20 22:42:32 2025] Logging system initialized
[Thu Mar 20 22:42:32 2025] Application started
[Thu Mar 20 22:43:09 2025] Logging system initialized
[Thu Mar 20 22:43:09 2025] Application started
[Thu Mar 20 22:43:45 2025] Logging system initialized
[Thu Mar 20 22:43:45 2025] Application started
[Thu Mar 20 22:44:02 2025] Logging system initialized
[Thu Mar 20 22:44:02 2025] Application started
[Thu Mar 20 22:45:08 2025] Logging system initialized
[Thu Mar 20 22:45:08 2025] Application started
[Thu Mar 20 22:47:39 2025] Logging system initialized
[Thu Mar 20 22:47:39 2025] Application started
[Thu Mar 20 22:52:29 2025] Logging system initialized
[Thu Mar 20 22:52:29 2025] Application started
[Thu Mar 20 22:54:16 2025] Logging system initialized
[Thu Mar 20 22:54:17 2025] Application started
[Thu Mar 20 22:54:38 2025] Logging system initialized
[Thu Mar 20 22:54:38 2025] Application started
[Thu Mar 20 22:55:06 2025] Logging system initialized
[Thu Mar 20 22:55:06 2025] Application started
[Thu Mar 20 22:55:39 2025] Logging system initialized
[Thu Mar 20 22:55:39 2025] Application started
[Thu Mar 20 22:59:37 2025] Logging system initialized
[Thu Mar 20 22:59:37 2025] Application started
[Thu Mar 20 23:00:12 2025] Logging system initialized
[Thu Mar 20 23:00:12 2025] Application started
[Thu Mar 20 23:01:11 2025] Logging system initialized
[Thu Mar 20 23:01:11 2025] Application started
[Thu Mar 20 23:01:28 2025] Logging system initialized
[Thu Mar 20 23:01:28 2025] Application started
[Thu Mar 20 23:01:41 2025] Logging system initialized
[Thu Mar 20 23:01:41 2025] Application started
[Thu Mar 20 23:02:27 2025] Logging system initialized
[Thu Mar 20 23:02:27 2025] Application started
[Thu Mar 20 23:03:05 2025] Logging system initialized
[Thu Mar 20 23:03:05 2025] Application started
[Thu Mar 20 23:03:21 2025] Logging system initialized
[Thu Mar 20 23:03:21 2025] Application started
[Thu Mar 20 23:03:32 2025] Logging system initialized
[Thu Mar 20 23:03:32 2025] Application started
[Thu Mar 20 23:04:06 2025] Logging system initialized
[Thu Mar 20 23:04:06 2025] Application started
[Thu Mar 20 23:04:28 2025] Logging system initialized
[Thu Mar 20 23:04:28 2025] Application started
[Thu Mar 20 23:07:27 2025] Logging system initialized
[Thu Mar 20 23:07:27 2025] Application started
[Thu Mar 20 23:11:31 2025] Logging system initialized
[Thu Mar 20 23:11:31 2025] Application started
[Thu Mar 20 23:24:03 2025] Logging system initialized
[Thu Mar 20 23:24:03 2025] Application started
[Thu Mar 20 23:24:17 2025] Logging system initialized
[Thu Mar 20 23:24:17 2025] Application started
[Thu Mar 20 23:24:24 2025] Student list displayed
[Thu Mar 20 23:24:32 2025] Student list refreshed
[Thu Mar 20 23:24:39 2025] Added student: 123
[Thu Mar 20 23:24:52 2025] Added student: 34
[Thu Mar 20 23:25:05 2025] Added student: 234
[Thu Mar 20 23:25:16 2025] Added student: 654
[Thu Mar 20 23:25:27 2025] Failed to add student
[Thu Mar 20 23:25:36 2025] Student list refreshed
[Thu Mar 20 23:25:44 2025] Failed to add student
[Thu Mar 20 23:25:50 2025] Student list refreshed
[Thu Mar 20 23:25:59 2025] Added student: 421
[Thu Mar 20 23:26:03 2025] Invalid log entry (sanitized)
[Thu Mar 20 23:26:16 2025] Added student: 852
[Thu Mar 20 23:26:32 2025] All student records deleted
[Thu Mar 20 23:26:39 2025] Student list refreshed
[Thu Mar 20 23:26:45 2025] Logging system initialized
[Thu Mar 20 23:26:45 2025] Application started
[Thu Mar 20 23:28:58 2025] Logging system initialized
[Thu Mar 20 23:28:58 2025] Application started
[Thu Mar 20 23:29:06 2025] Added student: 123
[Thu Mar 20 23:29:24 2025] Logging system initialized
[Thu Mar 20 23:29:24 2025] Application started
[Thu Mar 20 23:37:43 2025] Logging system initialized
[Thu Mar 20 23:37:43 2025] Application started
[Thu Mar 20 23:39:10 2025] Logging system initialized
[Thu Mar 20 23:39:10 2025] Application started
[Thu Mar 20 23:39:30 2025] Theme switched
[Thu Mar 20 23:39:36 2025] Theme switched
[Thu Mar 20 23:39:50 2025] Theme switched
[Thu Mar 20 23:39:51 2025] Theme switched
[Thu Mar 20 23:39:56 2025] Theme switched
[Thu Mar 20 23:39:56 2025] Theme switched
[Thu Mar 20 23:40:05 2025] Theme switched
[Thu Mar 20 23:40:06 2025] Theme switched
[Thu Mar 20 23:40:07 2025] Theme switched
[Thu Mar 20 23:40:30 2025] Logging system initialized
[Thu Mar 20 23:40:30 2025] Application started
[Thu Mar 20 23:40:34 2025] Theme switched
[Thu Mar 20 23:40:35 2025] Theme switched
[Thu Mar 20 23:40:52 2025] Logging system initialized
[Thu Mar 20 23:40:52 2025] Application started
[Thu Mar 20 23:40:54 2025] Theme switched
[Thu Mar 20 23:40:55 2025] Theme switched
[Thu Mar 20 23:41:22 2025] Logging system initialized
[Thu Mar 20 23:41:22 2025] Application started
[Thu Mar 20 23:41:35 2025] Theme switched
[Thu Mar 20 23:42:59 2025] Logging system initialized
[Thu Mar 20 23:42:59 2025] Application started
[Thu Mar 20 23:43:03 2025] Theme switched
[Thu Mar 20 23:43:06 2025] Theme switched
[Thu Mar 20 23:43:08 2025] Theme switched
[Thu Mar 20 23:43:29 2025] Logging system initialized
[Thu Mar 20 23:43:29 2025] Application started
[Thu Mar 20 23:43:33 2025] Theme switched
[Thu Mar 20 23:43:42 2025] Theme switched
[Thu Mar 20 23:43:43 2025] Theme switched
[Thu Mar 20 23:44:02 2025] Logging system initialized
[Thu Mar 20 23:44:02 2025] Application started
[Thu Mar 20 23:44:06 2025] Theme switched
[Thu Mar 20 23:44:15 2025] Logging system initialized
[Thu Mar 20 23:44:15 2025] Application started
[Thu Mar 20 23:44:18 2025] Theme switched
[Thu Mar 20 23:44:46 2025] Logging system initialized
[Thu Mar 20 23:44:46 2025] Application started
[Thu Mar 20 23:46:05 2025] Logging system initialized
[Thu Mar 20 23:46:05 2025] Application started
[Thu Mar 20 23:46:32 2025] Logging system initialized
[Thu Mar 20 23:46:32 2025] Application started
[Thu Mar 20 23:46:36 2025] Theme switched
[Thu Mar 20 23:46:38 2025] Theme switched
[Thu Mar 20 23:46:39 2025] Theme switched
[Thu Mar 20 23:47:31 2025] Logging system initialized
[Thu Mar 20 23:47:31 2025] Application started
[Thu Mar 20 23:47:53 2025] Logging system initialized
[Thu Mar 20 23:47:53 2025] Application started
[Thu Mar 20 23:47:56 2025] Student list displayed
[Thu Mar 20 23:48:05 2025] Added student: 430
[Thu Mar 20 23:48:13 2025] Added student: iuehi
[Thu Mar 20 23:48:20 2025] Added student: ewuo
[Thu Mar 20 23:48:23 2025] Student list refreshed
[Thu Mar 20 23:48:25 2025] Students exported to CSV
[Thu Mar 20 23:48:45 2025] Logging system initialized
[Thu Mar 20 23:48:45 2025] Application started
[Thu Mar 20 23:48:49 2025] All student records deleted
[Thu Mar 20 23:48:54 2025] Student list displayed
[Thu Mar 20 23:48:55 2025] Students exported to CSV
[Fri Mar 21 00:50:06 2025] Logging system initialized
[Fri Mar 21 00:50:06 2025] Application started
[Fri Mar 21 00:50:30 2025] Added student: 2201020430
[Fri Mar 21 00:50:50 2025] Added student: 2201020420
[Fri Mar 21 00:51:10 2025] Added student: 2201020913
[Fri Mar 21 00:51:27 2025] Added student: 2201020737
[Fri Mar 21 00:51:55 2025] Added student: 2201020713
[Fri Mar 21 00:51:58 2025] Invalid log entry (sanitized)
[Fri Mar 21 00:52:12 2025] Student list displayed
[Fri Mar 21 00:52:50 2025] All student records deleted
[Fri Mar 21 00:53:05 2025] Logging system initialized
[Fri Mar 21 00:53:05 2025] Application started
[Fri Mar 21 00:54:23 2025] Added student: 456
[Fri Mar 21 00:55:13 2025] Added student: 123
[Fri Mar 21 00:56:08 2025] Added student: 523
[Fri Mar 21 00:57:11 2025] Added student: 854
[Fri Mar 21 00:57:59 2025] Added student: 451
[Fri Mar 21 00:58:04 2025] Invalid log entry (sanitized)
[Fri Mar 21 00:58:10 2025] Student list displayed
[Fri Mar 21 00:58:33 2025] Student list refreshed
[Fri Mar 21 00:59:00 2025] Updated student: 523
[Fri Mar 21 00:59:03 2025] Student list refreshed
[Fri Mar 21 00:59:22 2025] Updated student: 523
[Fri Mar 21 00:59:28 2025] Student list refreshed
[Fri Mar 21 01:00:10 2025] Updated student: 123
[Fri Mar 21 01:00:13 2025] Student list refreshed
[Fri Mar 21 01:00:43 2025] Updated student: 456
[Fri Mar 21 01:00:47 2025] Student list refreshed
[Fri Mar 21 01:02:11 2025] Student list refreshed
[Fri Mar 21 01:02:29 2025] Student list refreshed
[Fri Mar 21 01:02:31 2025] Theme switched
[Fri Mar 21 01:02:32 2025] Theme switched
[Fri Mar 21 01:02:45 2025] Students exported to CSV
